<?xml version="1.0" encoding="UTF-8"?>
<!-- Generated by org.testng.reporters.JUnitXMLReporter -->
<testsuite ignored="5" hostname="ashutosh-Vostro-3480" failures="0" tests="1" name="Default test(failed)(failed)" time="11.265" errors="0" timestamp="2020-09-07T16:07:19 IST">
  <testcase classname="com.courier91.script.TestC91" name="test_ReadyToReturnFunctionality_Throught_globalScanner" time="6.331"/>
  <testcase classname="com.courier91.script.TestC91" name="test_UnderprocessingFunctionality_Throught_globalScanner" time="0.0">
    <ignored/>
  </testcase> <!-- test_UnderprocessingFunctionality_Throught_globalScanner -->
  <testcase classname="com.courier91.script.TestC91" name="test_Global_Scanner_Functionality_Incoming_and_UnscannedTab" time="0.0">
    <ignored/>
  </testcase> <!-- test_Global_Scanner_Functionality_Incoming_and_UnscannedTab -->
  <testcase classname="com.courier91.script.TestC91" name="test_ToBePickedFunctionality_Throught_globalScanner" time="0.0">
    <ignored/>
  </testcase> <!-- test_ToBePickedFunctionality_Throught_globalScanner -->
  <testcase classname="com.courier91.script.TestC91" name="test_ToBeDeliveredFunctionality_Throught_globalScanner" time="0.0">
    <ignored/>
  </testcase> <!-- test_ToBeDeliveredFunctionality_Throught_globalScanner -->
  <testcase classname="com.courier91.script.TestC91" name="test_ScanTab_Functionality_Thorough_GlobalScanner" time="0.0">
    <ignored/>
  </testcase> <!-- test_ScanTab_Functionality_Thorough_GlobalScanner -->
</testsuite> <!-- Default test(failed)(failed) -->
